Vivado Simulator 2018.3
Copyright 1986-1999, 2001-2018 Xilinx, Inc. All Rights Reserved.
Running: C:/Xilinx/Vivado/2018.3/bin/unwrapped/win64.o/xelab.exe -wto 4c700e4869cd4368b01e9dfe0a12c09d --incr --debug typical --relax --mt 2 -L xil_defaultlib -L unisims_ver -L unimacro_ver -L secureip --snapshot CPU_behav xil_defaultlib.CPU xil_defaultlib.glbl -log elaborate.log 
Using 2 slave threads.
Starting static elaboration
Completed static elaboration
Starting simulation data flow analysis
WARNING: [XSIM 43-4100] "C:/Vivado_projects/LONGSOON-huangchao/poreject/CPU_1/CPU_1.sim/sim_1/behav/xsim/glbl.v" Line 6. Module glbl has a timescale but at least one module in design doesn't have timescale.
Completed simulation data flow analysis
Time Resolution for simulation is 1ps
Compiling module xil_defaultlib.IFU
Compiling module xil_defaultlib.InstMem
Compiling module xil_defaultlib.RegFile
Compiling module xil_defaultlib.IDU
Compiling module xil_defaultlib.EXU
Compiling module xil_defaultlib.MEM
Compiling module xil_defaultlib.DataMem
Compiling module xil_defaultlib.WB
Compiling module xil_defaultlib.HiLo
Compiling module xil_defaultlib.IsBreak
Compiling module xil_defaultlib.CPU
Compiling module xil_defaultlib.glbl
Built simulation snapshot CPU_behav
